\BOOKMARK [0][-]{chapter.1}{\376\377\000I\000n\000t\000r\000o\000d\000u\000z\000i\000o\000n\000e}{}% 1
\BOOKMARK [0][-]{chapter.2}{\376\377\000A\000n\000a\000l\000i\000s\000i\000\040\000d\000e\000i\000\040\000R\000e\000q\000u\000i\000s\000i\000t\000i}{}% 2
\BOOKMARK [1][-]{section.2.1}{\376\377\000R\000e\000q\000u\000i\000s\000i\000t\000i\000\040\000F\000u\000n\000z\000i\000o\000n\000a\000l\000i}{chapter.2}% 3
\BOOKMARK [2][-]{subsection.2.1.1}{\376\377\000G\000e\000s\000t\000i\000o\000n\000e\000\040\000d\000e\000g\000l\000i\000\040\000u\000t\000e\000n\000t\000i\000\040\000e\000\040\000a\000u\000t\000e\000n\000t\000i\000c\000a\000z\000i\000o\000n\000e}{section.2.1}% 4
\BOOKMARK [2][-]{subsection.2.1.2}{\376\377\000G\000e\000s\000t\000i\000o\000n\000e\000\040\000d\000e\000l\000l\000a\000\040\000f\000l\000o\000t\000t\000a}{section.2.1}% 5
\BOOKMARK [2][-]{subsection.2.1.3}{\376\377\000G\000e\000s\000t\000i\000o\000n\000e\000\040\000d\000e\000i\000\040\000v\000i\000a\000g\000g\000i\000\040\000e\000\040\000d\000e\000l\000l\000e\000\040\000s\000p\000e\000d\000i\000z\000i\000o\000n\000i}{section.2.1}% 6
\BOOKMARK [2][-]{subsection.2.1.4}{\376\377\000R\000i\000c\000e\000r\000c\000a\000\040\000e\000\040\000p\000r\000e\000n\000o\000t\000a\000z\000i\000o\000n\000e\000\040\000d\000e\000l\000l\000e\000\040\000s\000p\000e\000d\000i\000z\000i\000o\000n\000i}{section.2.1}% 7
\BOOKMARK [2][-]{subsection.2.1.5}{\376\377\000M\000o\000n\000i\000t\000o\000r\000a\000g\000g\000i\000o\000\040\000t\000e\000l\000e\000m\000e\000t\000r\000i\000c\000o\000\040\000i\000n\000\040\000t\000e\000m\000p\000o\000\040\000r\000e\000a\000l\000e}{section.2.1}% 8
\BOOKMARK [2][-]{subsection.2.1.6}{\376\377\000R\000i\000l\000e\000v\000a\000z\000i\000o\000n\000e\000\040\000d\000e\000l\000l\000e\000\040\000a\000n\000o\000m\000a\000l\000i\000e}{section.2.1}% 9
\BOOKMARK [2][-]{subsection.2.1.7}{\376\377\000G\000e\000s\000t\000i\000o\000n\000e\000\040\000d\000e\000l\000l\000e\000\040\000n\000o\000t\000i\000f\000i\000c\000h\000e}{section.2.1}% 10
\BOOKMARK [1][-]{section.2.2}{\376\377\000R\000e\000q\000u\000i\000s\000i\000t\000i\000\040\000N\000o\000n\000\040\000F\000u\000n\000z\000i\000o\000n\000a\000l\000i}{chapter.2}% 11
\BOOKMARK [2][-]{subsection.2.2.1}{\376\377\000U\000s\000a\000b\000i\000l\000i\000t\000\340}{section.2.2}% 12
\BOOKMARK [2][-]{subsection.2.2.2}{\376\377\000S\000i\000c\000u\000r\000e\000z\000z\000a}{section.2.2}% 13
\BOOKMARK [2][-]{subsection.2.2.3}{\376\377\000M\000o\000d\000u\000l\000a\000r\000i\000t\000\340\000\040\000e\000\040\000m\000a\000n\000u\000t\000e\000n\000i\000b\000i\000l\000i\000t\000\340}{section.2.2}% 14
\BOOKMARK [2][-]{subsection.2.2.4}{\376\377\000P\000o\000r\000t\000a\000b\000i\000l\000i\000t\000\340\000\040\000e\000\040\000r\000i\000p\000r\000o\000d\000u\000c\000i\000b\000i\000l\000i\000t\000\340\000\040\000d\000e\000l\000\040\000d\000e\000p\000l\000o\000y\000m\000e\000n\000t}{section.2.2}% 15
\BOOKMARK [0][-]{chapter.3}{\376\377\000S\000t\000a\000t\000o\000\040\000d\000e\000l\000l\000'\000A\000r\000t\000e}{}% 16
\BOOKMARK [1][-]{section.3.1}{\376\377\000F\000l\000o\000c\000k\000\040\000F\000r\000e\000i\000g\000h\000t\000\040\040\023\000\040\000F\000l\000o\000c\000k\000D\000i\000r\000e\000c\000t\000\256\000\040\000S\000h\000a\000r\000e\000d\000\040\000T\000r\000u\000c\000k\000l\000o\000a\000d}{chapter.3}% 17
\BOOKMARK [1][-]{section.3.2}{\376\377\000Q\000u\000i\000c\000a\000r\000g\000o\000\040\040\023\000\040\000P\000i\000a\000t\000t\000a\000f\000o\000r\000m\000a\000\040\000c\000o\000l\000l\000a\000b\000o\000r\000a\000t\000i\000v\000a\000\040\000c\000o\000n\000\040\000p\000r\000i\000c\000i\000n\000g\000\040\000d\000i\000n\000a\000m\000i\000c\000o}{chapter.3}% 18
\BOOKMARK [1][-]{section.3.3}{\376\377\000G\000i\000l\000l\000e\000s\000p\000i\000e\000\040\000e\000t\000\040\000a\000l\000.\000\040\040\023\000\040\000R\000i\000l\000e\000v\000a\000z\000i\000o\000n\000e\000\040\000a\000n\000o\000m\000a\000l\000i\000e\000\040\000I\000o\000T\000\040\000n\000e\000l\000\040\000t\000r\000a\000s\000p\000o\000r\000t\000o\000\040\000r\000e\000f\000r\000i\000g\000e\000r\000a\000t\000o}{chapter.3}% 19
\BOOKMARK [1][-]{section.3.4}{\376\377\000S\000g\000u\000e\000g\000l\000i\000a\000\040\000e\000t\000\040\000a\000l\000.\000\040\040\023\000\040\000S\000y\000s\000t\000e\000m\000a\000t\000i\000c\000\040\000l\000i\000t\000e\000r\000a\000t\000u\000r\000e\000\040\000r\000e\000v\000i\000e\000w\000\040\000s\000u\000\040\000a\000n\000o\000m\000a\000l\000y\000\040\000d\000e\000t\000e\000c\000t\000i\000o\000n\000\040\000I\000o\000T}{chapter.3}% 20
\BOOKMARK [1][-]{section.3.5}{\376\377\000S\000i\000n\000t\000e\000s\000i\000\040\000e\000\040\000p\000o\000s\000i\000z\000i\000o\000n\000a\000m\000e\000n\000t\000o\000\040\000d\000e\000l\000l\000a\000\040\000s\000o\000l\000u\000z\000i\000o\000n\000e\000\040\000p\000r\000o\000p\000o\000s\000t\000a}{chapter.3}% 21
\BOOKMARK [0][-]{chapter.4}{\376\377\000T\000e\000c\000n\000o\000l\000o\000g\000i\000e\000\040\000U\000t\000i\000l\000i\000z\000z\000a\000t\000e}{}% 22
\BOOKMARK [1][-]{section.4.1}{\376\377\000S\000p\000r\000i\000n\000g\000\040\000B\000o\000o\000t}{chapter.4}% 23
\BOOKMARK [1][-]{section.4.2}{\376\377\000R\000e\000a\000c\000t\000\040\000e\000\040\000T\000y\000p\000e\000S\000c\000r\000i\000p\000t}{chapter.4}% 24
\BOOKMARK [1][-]{section.4.3}{\376\377\000M\000Q\000T\000T\000\040\000e\000\040\000M\000o\000s\000q\000u\000i\000t\000t\000o}{chapter.4}% 25
\BOOKMARK [1][-]{section.4.4}{\376\377\000M\000o\000n\000g\000o\000D\000B}{chapter.4}% 26
\BOOKMARK [1][-]{section.4.5}{\376\377\000P\000y\000t\000h\000o\000n\000,\000\040\000F\000a\000s\000t\000A\000P\000I\000\040\000e\000\040\000P\000y\000T\000o\000r\000c\000h}{chapter.4}% 27
\BOOKMARK [1][-]{section.4.6}{\376\377\000G\000o\000o\000g\000l\000e\000\040\000M\000a\000p\000s\000\040\000P\000l\000a\000t\000f\000o\000r\000m}{chapter.4}% 28
\BOOKMARK [1][-]{section.4.7}{\376\377\000D\000o\000c\000k\000e\000r\000\040\000e\000\040\000D\000o\000c\000k\000e\000r\000\040\000C\000o\000m\000p\000o\000s\000e}{chapter.4}% 29
\BOOKMARK [0][-]{chapter.5}{\376\377\000S\000o\000l\000u\000z\000i\000o\000n\000e\000\040\000P\000r\000o\000p\000o\000s\000t\000a}{}% 30
\BOOKMARK [1][-]{section.5.1}{\376\377\000A\000r\000c\000h\000i\000t\000e\000t\000t\000u\000r\000a\000\040\000d\000e\000l\000\040\000s\000i\000s\000t\000e\000m\000a}{chapter.5}% 31
\BOOKMARK [1][-]{section.5.2}{\376\377\000G\000e\000s\000t\000i\000o\000n\000e\000\040\000d\000e\000g\000l\000i\000\040\000u\000t\000e\000n\000t\000i\000\040\000e\000\040\000a\000u\000t\000e\000n\000t\000i\000c\000a\000z\000i\000o\000n\000e}{chapter.5}% 32
\BOOKMARK [1][-]{section.5.3}{\376\377\000G\000e\000s\000t\000i\000o\000n\000e\000\040\000d\000e\000l\000l\000a\000\040\000f\000l\000o\000t\000t\000a\000\040\000e\000\040\000d\000e\000i\000\040\000v\000i\000a\000g\000g\000i}{chapter.5}% 33
\BOOKMARK [2][-]{subsection.5.3.1}{\376\377\000A\000g\000g\000i\000u\000n\000t\000a\000\040\000d\000i\000\040\000u\000n\000\040\000v\000e\000i\000c\000o\000l\000o}{section.5.3}% 34
\BOOKMARK [2][-]{subsection.5.3.2}{\376\377\000L\000i\000s\000t\000a\000\040\000v\000e\000i\000c\000o\000l\000i}{section.5.3}% 35
\BOOKMARK [2][-]{subsection.5.3.3}{\376\377\000L\000i\000s\000t\000a\000\040\000v\000i\000a\000g\000g\000i}{section.5.3}% 36
\BOOKMARK [1][-]{section.5.4}{\376\377\000M\000a\000r\000k\000e\000t\000p\000l\000a\000c\000e\000:\000\040\000r\000i\000c\000e\000r\000c\000a\000\040\000d\000e\000i\000\040\000v\000i\000a\000g\000g\000i\000\040\000d\000i\000s\000p\000o\000n\000i\000b\000i\000l\000i\000\040\000e\000\040\000c\000r\000e\000a\000z\000i\000o\000n\000e\000\040\000d\000e\000l\000l\000a\000\040\000s\000p\000e\000d\000i\000z\000i\000o\000n\000e}{chapter.5}% 37
\BOOKMARK [2][-]{subsection.5.4.1}{\376\377\000F\000a\000s\000e\000\040\0001\000\040\040\024\000\040\000R\000i\000c\000e\000r\000c\000a\000\040\000d\000e\000i\000\040\000v\000e\000i\000c\000o\000l\000i\000\040\000d\000i\000s\000p\000o\000n\000i\000b\000i\000l\000i}{section.5.4}% 38
\BOOKMARK [2][-]{subsection.5.4.2}{\376\377\000F\000a\000s\000e\000\040\0002\000\040\040\024\000\040\000R\000i\000c\000e\000r\000c\000a\000\040\000d\000e\000i\000\040\000v\000i\000a\000g\000g\000i\000\040\000g\000i\000\340\000\040\000p\000r\000o\000g\000r\000a\000m\000m\000a\000t\000i}{section.5.4}% 39
\BOOKMARK [2][-]{subsection.5.4.3}{\376\377\000F\000a\000s\000e\000\040\0003\000\040\040\024\000\040\000V\000a\000l\000i\000d\000a\000z\000i\000o\000n\000e\000\040\000g\000e\000o\000g\000r\000a\000f\000i\000c\000a\000\040\000d\000e\000i\000\040\000v\000i\000a\000g\000g\000i\000\040\000g\000i\000\340\000\040\000p\000r\000o\000g\000r\000a\000m\000m\000a\000t\000i}{section.5.4}% 40
\BOOKMARK [2][-]{subsection.5.4.4}{\376\377\000F\000a\000s\000e\000\040\0004\000\040\040\024\000\040\000R\000i\000c\000a\000l\000c\000o\000l\000o\000\040\000d\000e\000l\000\040\000p\000e\000r\000c\000o\000r\000s\000o\000\040\000c\000o\000n\000\040\000w\000a\000y\000p\000o\000i\000n\000t}{section.5.4}% 41
\BOOKMARK [2][-]{subsection.5.4.5}{\376\377\000F\000a\000s\000e\000\040\0005\000\040\040\024\000\040\000P\000r\000i\000c\000i\000n\000g\000\040\000c\000o\000n\000\040\000d\000i\000v\000i\000s\000o\000r\000e\000\040\000e\000s\000p\000o\000n\000e\000n\000z\000i\000a\000l\000e}{section.5.4}% 42
\BOOKMARK [2][-]{subsection.5.4.6}{\376\377\000S\000e\000l\000e\000z\000i\000o\000n\000e\000\040\000e\000\040\000c\000o\000n\000f\000e\000r\000m\000a\000\040\000d\000e\000l\000l\000a\000\040\000t\000r\000a\000t\000t\000a}{section.5.4}% 43
\BOOKMARK [1][-]{section.5.5}{\376\377\000G\000e\000n\000e\000r\000a\000z\000i\000o\000n\000e\000\040\000d\000e\000i\000\040\000d\000a\000t\000i\000\040\000t\000e\000l\000e\000m\000e\000t\000r\000i\000c\000i}{chapter.5}% 44
\BOOKMARK [1][-]{section.5.6}{\376\377\000P\000i\000p\000e\000l\000i\000n\000e\000\040\000d\000i\000\040\000a\000n\000o\000m\000a\000l\000y\000\040\000d\000e\000t\000e\000c\000t\000i\000o\000n}{chapter.5}% 45
\BOOKMARK [2][-]{subsection.5.6.1}{\376\377\000A\000d\000d\000e\000s\000t\000r\000a\000m\000e\000n\000t\000o\000\040\000d\000e\000l\000\040\000m\000o\000d\000e\000l\000l\000o}{section.5.6}% 46
\BOOKMARK [2][-]{subsection.5.6.2}{\376\377\000I\000n\000f\000e\000r\000e\000n\000z\000a\000\040\000i\000n\000\040\000t\000e\000m\000p\000o\000\040\000r\000e\000a\000l\000e}{section.5.6}% 47
\BOOKMARK [2][-]{subsection.5.6.3}{\376\377\000S\000m\000o\000o\000t\000h\000i\000n\000g\000\040\000c\000o\000n\000\040\000c\000o\000n\000t\000a\000t\000o\000r\000i\000\040\000c\000o\000n\000s\000e\000c\000u\000t\000i\000v\000i}{section.5.6}% 48
\BOOKMARK [1][-]{section.5.7}{\376\377\000G\000e\000s\000t\000i\000o\000n\000e\000\040\000d\000e\000l\000l\000e\000\040\000n\000o\000t\000i\000f\000i\000c\000h\000e}{chapter.5}% 49
\BOOKMARK [1][-]{section.5.8}{\376\377\000D\000a\000s\000h\000b\000o\000a\000r\000d\000\040\000t\000e\000l\000e\000m\000e\000t\000r\000i\000c\000a}{chapter.5}% 50
\BOOKMARK [0][-]{chapter.6}{\376\377\000V\000a\000l\000i\000d\000a\000z\000i\000o\000n\000e\000\040\000F\000u\000n\000z\000i\000o\000n\000a\000l\000e}{}% 51
\BOOKMARK [1][-]{section.6.1}{\376\377\000A\000m\000b\000i\000e\000n\000t\000e\000\040\000d\000i\000\040\000t\000e\000s\000t}{chapter.6}% 52
\BOOKMARK [1][-]{section.6.2}{\376\377\000S\000c\000e\000n\000a\000r\000i\000o\000\040\000d\000i\000\040\000v\000a\000l\000i\000d\000a\000z\000i\000o\000n\000e}{chapter.6}% 53
\BOOKMARK [2][-]{subsection.6.2.1}{\376\377\000F\000a\000s\000e\000\040\0001\000\040\040\024\000\040\000C\000o\000n\000f\000i\000g\000u\000r\000a\000z\000i\000o\000n\000e\000\040\000d\000e\000l\000l\000a\000\040\000f\000l\000o\000t\000t\000a\000\040\000\050\000A\000m\000m\000i\000n\000i\000s\000t\000r\000a\000t\000o\000r\000e\000\051}{section.6.2}% 54
\BOOKMARK [2][-]{subsection.6.2.2}{\376\377\000F\000a\000s\000e\000\040\0002\000\040\040\024\000\040\000P\000r\000i\000m\000a\000\040\000s\000p\000e\000d\000i\000z\000i\000o\000n\000e\000:\000\040\000c\000r\000e\000a\000z\000i\000o\000n\000e\000\040\000d\000e\000l\000l\000a\000\040\000t\000r\000a\000t\000t\000a\000\040\000\050\000C\000l\000i\000e\000n\000t\000e\000\040\000A\000\051}{section.6.2}% 55
\BOOKMARK [2][-]{subsection.6.2.3}{\376\377\000F\000a\000s\000e\000\040\0003\000\040\040\024\000\040\000S\000e\000c\000o\000n\000d\000a\000\040\000s\000p\000e\000d\000i\000z\000i\000o\000n\000e\000:\000\040\000c\000o\000n\000d\000i\000v\000i\000s\000i\000o\000n\000e\000\040\000d\000e\000l\000l\000a\000\040\000t\000r\000a\000t\000t\000a\000\040\000\050\000C\000l\000i\000e\000n\000t\000e\000\040\000B\000\051}{section.6.2}% 56
\BOOKMARK [2][-]{subsection.6.2.4}{\376\377\000F\000a\000s\000e\000\040\0004\000\040\040\024\000\040\000G\000e\000s\000t\000i\000o\000n\000e\000\040\000d\000e\000l\000l\000a\000\040\000t\000r\000a\000t\000t\000a\000\040\000e\000\040\000a\000v\000v\000i\000o\000\040\000s\000i\000m\000u\000l\000a\000z\000i\000o\000n\000e\000\040\000\050\000A\000m\000m\000i\000n\000i\000s\000t\000r\000a\000t\000o\000r\000e\000\051}{section.6.2}% 57
\BOOKMARK [2][-]{subsection.6.2.5}{\376\377\000F\000a\000s\000e\000\040\0005\000\040\040\024\000\040\000R\000i\000l\000e\000v\000a\000z\000i\000o\000n\000e\000\040\000a\000n\000o\000m\000a\000l\000i\000a\000\040\000e\000\040\000n\000o\000t\000i\000f\000i\000c\000a\000\040\000\050\000T\000e\000c\000n\000i\000c\000o\000\051}{section.6.2}% 58
\BOOKMARK [1][-]{section.6.3}{\376\377\000E\000s\000i\000t\000o\000\040\000d\000e\000l\000l\000a\000\040\000v\000a\000l\000i\000d\000a\000z\000i\000o\000n\000e}{chapter.6}% 59
\BOOKMARK [0][-]{chapter.7}{\376\377\000C\000o\000n\000c\000l\000u\000s\000i\000o\000n\000i\000\040\000e\000\040\000S\000v\000i\000l\000u\000p\000p\000i\000\040\000F\000u\000t\000u\000r\000i}{}% 60
\BOOKMARK [1][-]{section.7.1}{\376\377\000C\000o\000n\000c\000l\000u\000s\000i\000o\000n\000i}{chapter.7}% 61
\BOOKMARK [1][-]{section.7.2}{\376\377\000S\000v\000i\000l\000u\000p\000p\000i\000\040\000f\000u\000t\000u\000r\000i}{chapter.7}% 62
